<?xml version="1.0" encoding="UTF-8"?>
<!-- Generated by org.testng.reporters.JUnitReportReporter -->
<testsuite hostname="DESKTOP-875B5PA" failures="0" tests="2" name="zCaptureScreenn.Master" time="0.008" errors="0" timestamp="2025-03-07T11:24:30 IST" skipped="0">
  <testcase classname="zCaptureScreenn.Master" name="masterTCOne" time="0.003"/>
  <testcase classname="zCaptureScreenn.Master" name="masterTCtwo" time="0.005"/>
</testsuite> <!-- zCaptureScreenn.Master -->
