<?xml version="1.0" encoding="UTF-8"?>
<!-- Generated by org.testng.reporters.JUnitReportReporter -->
<testsuite hostname="DESKTOP-875B5PA" failures="0" tests="3" name="zGrouping.GroupingTC002" time="0.014" errors="0" timestamp="2025-03-25T14:48:31 IST" skipped="0">
  <testcase classname="zGrouping.GroupingTC002" name="TC01" time="0.007"/>
  <testcase classname="zGrouping.GroupingTC002" name="TC03" time="0.003"/>
  <testcase classname="zGrouping.GroupingTC002" name="TC04" time="0.004"/>
</testsuite> <!-- zGrouping.GroupingTC002 -->
