<?xml version="1.0" encoding="UTF-8"?>
<!-- Generated by org.testng.reporters.JUnitReportReporter -->
<testsuite hostname="DESKTOP-875B5PA" failures="0" tests="2" name="zCaptureScreenn.Regression" time="0.015" errors="0" timestamp="2025-03-07T11:24:52 IST" skipped="0">
  <testcase classname="zCaptureScreenn.Regression" name="regressionTCOne" time="0.014"/>
  <testcase classname="zCaptureScreenn.Regression" name="regressionTCtwo" time="0.001"/>
</testsuite> <!-- zCaptureScreenn.Regression -->
