<?xml version="1.0" encoding="UTF-8"?>
<!-- Generated by org.testng.reporters.JUnitReportReporter -->
<testsuite hostname="DESKTOP-875B5PA" failures="0" tests="2" name="zGrouping.GroupingTC" time="0.017" errors="0" timestamp="2025-03-25T14:48:31 IST" skipped="0">
  <testcase classname="zGrouping.GroupingTC" name="TC1" time="0.011"/>
  <testcase classname="zGrouping.GroupingTC" name="TC3" time="0.006"/>
</testsuite> <!-- zGrouping.GroupingTC -->
