<?xml version="1.0" encoding="UTF-8"?>
<!-- Generated by org.testng.reporters.JUnitReportReporter -->
<testsuite hostname="DESKTOP-875B5PA" failures="0" tests="1" name="zPractice.ConfigProperty" time="5.880" errors="0" timestamp="2025-03-21T16:54:49 IST" skipped="0">
  <testcase classname="zPractice.ConfigProperty" name="testing" time="5.880"/>
</testsuite> <!-- zPractice.ConfigProperty -->
