<?xml version="1.0" encoding="UTF-8"?>
<!-- Generated by org.testng.reporters.JUnitReportReporter -->
<testsuite hostname="DESKTOP-875B5PA" failures="0" tests="1" name="zGrouping.TEstt" time="10.526" errors="0" timestamp="2025-03-22T14:55:31 IST" skipped="0">
  <testcase classname="zGrouping.TEstt" name="TC01" time="10.526"/>
</testsuite> <!-- zGrouping.TEstt -->
