<?xml version="1.0" encoding="UTF-8"?>
<!-- Generated by org.testng.reporters.JUnitReportReporter -->
<testsuite hostname="DESKTOP-875B5PA" failures="0" tests="1" name="zPractice.testCase001" time="0.166" errors="0" timestamp="2025-03-06T15:55:50 IST" skipped="0">
  <testcase classname="zPractice.testCase001" name="closedPopUP" time="0.166"/>
</testsuite> <!-- zPractice.testCase001 -->
