<?xml version="1.0" encoding="UTF-8"?>
<!-- Generated by org.testng.reporters.JUnitReportReporter -->
<testsuite hostname="DESKTOP-875B5PA" failures="0" tests="1" name="zCaptureScreenn.CaptureScreenShots" time="0.411" errors="0" timestamp="2025-03-06T18:44:27 IST" skipped="0">
  <testcase classname="zCaptureScreenn.CaptureScreenShots" name="f" time="0.411"/>
</testsuite> <!-- zCaptureScreenn.CaptureScreenShots -->
