<?xml version="1.0" encoding="UTF-8"?>
<!-- Generated by org.testng.reporters.JUnitReportReporter -->
<testsuite hostname="DESKTOP-875B5PA" failures="0" tests="2" name="zGrouping.GridEvn" time="0.615" errors="0" timestamp="2025-03-25T14:48:54 IST" skipped="0">
  <testcase classname="zGrouping.GridEvn" name="gridTest" time="0.262"/>
  <testcase classname="zGrouping.GridEvn" name="gridTest" time="0.353"/>
</testsuite> <!-- zGrouping.GridEvn -->
