<?xml version="1.0" encoding="UTF-8"?>
<!-- Generated by org.testng.reporters.JUnitReportReporter -->
<testsuite hostname="DESKTOP-875B5PA" failures="0" tests="2" name="zCaptureScreenn.Sanity" time="0.015" errors="0" timestamp="2025-03-07T11:24:30 IST" skipped="0">
  <testcase classname="zCaptureScreenn.Sanity" name="sanityTCOne" time="0.012"/>
  <testcase classname="zCaptureScreenn.Sanity" name="sanityTCtwo" time="0.003"/>
</testsuite> <!-- zCaptureScreenn.Sanity -->
