<?xml version="1.0" encoding="UTF-8"?>
<!-- Generated by org.testng.reporters.JUnitReportReporter -->
<testsuite hostname="DESKTOP-875B5PA" failures="0" tests="1" name="testCases.TC_001_Close_popup" time="0.117" errors="0" timestamp="2025-03-07T16:47:44 IST" skipped="0">
  <testcase classname="testCases.TC_001_Close_popup" name="Able_to_close_query_popup" time="0.117"/>
</testsuite> <!-- testCases.TC_001_Close_popup -->
