<?xml version="1.0" encoding="UTF-8"?>
<!-- Generated by org.testng.reporters.JUnitReportReporter -->
<testsuite hostname="DESKTOP-875B5PA" failures="0" tests="1" name="zNewTest.SeleniumGridTC001" time="0.427" errors="0" timestamp="2025-03-25T16:01:42 IST" skipped="0">
  <testcase classname="zNewTest.SeleniumGridTC001" name="Test_Ask_and_Expert" time="0.427"/>
</testsuite> <!-- zNewTest.SeleniumGridTC001 -->
